 BELLHOP/BELLHOP3D

 BELLHOP- ECCO                                                                   
 frequency =   3000.     Hz

 Dummy parameter NMedia =            1

     PCHIP approximation to SSP
     Attenuation units: dB/wavelength
     VACUUM

 Depth =     419.93 m

 Sound speed profile:
   z (m)     alphaR (m/s)   betaR  rho (g/cm^3)  alphaI     betaI

      5.00      1501.65      0.00     1.00       0.0000    0.0000
     15.00      1501.63      0.00     1.00       0.0000    0.0000
     25.00      1501.66      0.00     1.00       0.0000    0.0000
     35.00      1501.46      0.00     1.00       0.0000    0.0000
     45.00      1498.72      0.00     1.00       0.0000    0.0000
     55.00      1496.97      0.00     1.00       0.0000    0.0000
     65.00      1495.96      0.00     1.00       0.0000    0.0000
     75.00      1495.49      0.00     1.00       0.0000    0.0000
     85.03      1495.22      0.00     1.00       0.0000    0.0000
     95.09      1494.89      0.00     1.00       0.0000    0.0000
    105.31      1494.36      0.00     1.00       0.0000    0.0000
    115.87      1493.96      0.00     1.00       0.0000    0.0000
    127.15      1493.54      0.00     1.00       0.0000    0.0000
    139.74      1493.09      0.00     1.00       0.0000    0.0000
    154.47      1492.57      0.00     1.00       0.0000    0.0000
    172.40      1491.96      0.00     1.00       0.0000    0.0000
    194.74      1491.21      0.00     1.00       0.0000    0.0000
    222.71      1490.19      0.00     1.00       0.0000    0.0000
    257.47      1487.40      0.00     1.00       0.0000    0.0000
    299.93      1482.56      0.00     1.00       0.0000    0.0000
    350.68      1477.74      0.00     1.00       0.0000    0.0000
    409.93      1475.14      0.00     1.00       0.0000    0.0000
    419.93      1474.23      0.00     1.00       0.0000    0.0000

                                 ( RMS roughness =   0.00     )
     ACOUSTO-ELASTIC half-space
    419.93      1800.00      0.00     2.00       0.0000    0.0000

 __________________________________________________________________________

 Number of Source   depths, Sz =            1
 Source   depths, Sz (m)
   100.000    


 __________________________________________________________________________

 Number of Receiver depths, Rz =          101
 Receiver depths, Rz (m)
   0.00000       50.0000       100.000       150.000       200.000    
   250.000       300.000       350.000       400.000       450.000    
          ... 
   5000.00    

 Warning in ReadSzRz : Receiver above or too near the top bdry has been moved down
 Warning in ReadSzRz : Receiver below or too near the bottom bdry has been moved up

 __________________________________________________________________________

 Number of Receiver ranges, Rr =         1001
 Receiver ranges, Rr (km)
   0.00000      0.250000E-01  0.500000E-01  0.750000E-01  0.100000    
  0.125000      0.150000      0.175000      0.200000      0.225000    
          ... 
   25.0000    


 Arrivals calculation, ASCII  file output
 Geometric hat beams in Cartesian coordinates
 Point source (cylindrical coordinates)
 Rectilinear receiver grid: Receivers at Rr( : ) x Rz( : )
 __________________________________________________________________________

 Number of beams in elevation   =           12
 Beam take-off angles (degrees)
  -10.0000      -8.18182      -6.36364      -4.54545      -2.72727    
 -0.909091      0.909091       2.72727       4.54545       6.36364    
          ... 
   10.0000    

 __________________________________________________________________________


 Step length,       deltas =   0.000     m

 Maximum ray depth, Box%z  =   500.0     m
 Maximum ray range, Box%r  =   24.90    km
 No beam shift in effect


 Step length,       deltas =   41.49     m (automatically selected)

 ( Maximum # of arrivals =          197 )

Tracing beam       1    -10.00

 Geometric hat beams                     
 halfwidth  =    4.9974743078248203     
 epsilonOpt =                (0.0000000000000000,235381.46826155050)
 EpsMult    =    1.0000000000000000     

Tracing beam       2     -8.18
Tracing beam       3     -6.36
Tracing beam       4     -4.55
Tracing beam       5     -2.73
Tracing beam       6     -0.91
Tracing beam       7      0.91
Tracing beam       8      2.73
Tracing beam       9      4.55
Tracing beam      10      6.36
Tracing beam      11      8.18
Tracing beam      12     10.00

 CPU Time =        4.78    s
