 BELLHOP/BELLHOP3D

 BELLHOP- Munk profile                                                           
 frequency =   3000.     Hz

 Dummy parameter NMedia =            1

     PCHIP approximation to SSP
     Attenuation units: dB/mkHz
     VACUUM

 Depth =    5000.00 m

 Sound speed profile:
   z (m)     alphaR (m/s)   betaR  rho (g/cm^3)  alphaI     betaI

      0.00      1548.52      0.00     1.00       0.0000    0.0000
    200.00      1530.29      0.00     1.00       0.0000    0.0000
    250.00      1526.69      0.00     1.00       0.0000    0.0000
    400.00      1517.78      0.00     1.00       0.0000    0.0000
    600.00      1509.49      0.00     1.00       0.0000    0.0000
    800.00      1504.30      0.00     1.00       0.0000    0.0000
   1000.00      1501.38      0.00     1.00       0.0000    0.0000
   1200.00      1500.14      0.00     1.00       0.0000    0.0000
   1400.00      1500.12      0.00     1.00       0.0000    0.0000
   1600.00      1501.02      0.00     1.00       0.0000    0.0000
   1800.00      1502.57      0.00     1.00       0.0000    0.0000
   2000.00      1504.62      0.00     1.00       0.0000    0.0000
   2200.00      1507.02      0.00     1.00       0.0000    0.0000
   2400.00      1509.69      0.00     1.00       0.0000    0.0000
   2600.00      1512.55      0.00     1.00       0.0000    0.0000
   2800.00      1515.56      0.00     1.00       0.0000    0.0000
   3000.00      1518.67      0.00     1.00       0.0000    0.0000
   3200.00      1521.85      0.00     1.00       0.0000    0.0000
   3400.00      1525.10      0.00     1.00       0.0000    0.0000
   3600.00      1528.38      0.00     1.00       0.0000    0.0000
   3800.00      1531.70      0.00     1.00       0.0000    0.0000
   4000.00      1535.04      0.00     1.00       0.0000    0.0000
   4200.00      1538.39      0.00     1.00       0.0000    0.0000
   4400.00      1541.76      0.00     1.00       0.0000    0.0000
   4600.00      1545.14      0.00     1.00       0.0000    0.0000
   4800.00      1548.52      0.00     1.00       0.0000    0.0000
   5000.00      1551.91      0.00     1.00       0.0000    0.0000

                                 ( RMS roughness =   0.00     )
     ACOUSTO-ELASTIC half-space
   5000.00      1800.00      0.00     2.00       0.0000    0.0000

 __________________________________________________________________________

 Number of Source   depths, Sz =            1
 Source   depths, Sz (m)
   300.000    


 __________________________________________________________________________

 Number of Receiver depths, Rz =          101
 Receiver depths, Rz (m)
   0.00000       50.0000       100.000       150.000       200.000    
   250.000       300.000       350.000       400.000       450.000    
          ... 
   5000.00    


 __________________________________________________________________________

 Number of Receiver ranges, Rr =         1001
 Receiver ranges, Rr (km)
   0.00000      0.125000      0.250000      0.375000      0.500000    
  0.625000      0.750000      0.875000       1.00000       1.12500    
          ... 
   125.000    


 Ray trace run
 Geometric hat beams in Cartesian coordinates
 Point source (cylindrical coordinates)
 Rectilinear receiver grid: Receivers at Rr( : ) x Rz( : )
 __________________________________________________________________________

 Number of beams in elevation   =           29
 Beam take-off angles (degrees)
  -14.0000      -13.0000      -12.0000      -11.0000      -10.0000    
  -9.00000      -8.00000      -7.00000      -6.00000      -5.00000    
          ... 
   14.0000    

 __________________________________________________________________________


 Step length,       deltas =   0.000     m

 Maximum ray depth, Box%z  =   5500.     m
 Maximum ray range, Box%r  =   124.9    km
 No beam shift in effect


 Step length,       deltas =   500.0     m (automatically selected)

Tracing beam       1    -14.00
Tracing beam       2    -13.00
Tracing beam       3    -12.00
Tracing beam       4    -11.00
Tracing beam       5    -10.00
Tracing beam       6     -9.00
Tracing beam       7     -8.00
Tracing beam       8     -7.00
Tracing beam       9     -6.00
Tracing beam      10     -5.00
Tracing beam      11     -4.00
Tracing beam      12     -3.00
Tracing beam      13     -2.00
Tracing beam      14     -1.00
Tracing beam      15      0.00
Tracing beam      16      1.00
Tracing beam      17      2.00
Tracing beam      18      3.00
Tracing beam      19      4.00
Tracing beam      20      5.00
Tracing beam      21      6.00
Tracing beam      22      7.00
Tracing beam      23      8.00
Tracing beam      24      9.00
Tracing beam      25     10.00
Tracing beam      26     11.00
Tracing beam      27     12.00
Tracing beam      28     13.00
Tracing beam      29     14.00

 CPU Time =       0.721E-01s
