 BELLHOP/BELLHOP3D

 BELLHOP- PMUO                                                                   
 frequency =   3000.     Hz

 Dummy parameter NMedia =            1

     PCHIP approximation to SSP
     Attenuation units: dB/wavelength
     VACUUM

 Depth =     419.00 m

 Sound speed profile:
   z (m)     alphaR (m/s)   betaR  rho (g/cm^3)  alphaI     betaI

     27.00      1512.23      0.00     1.00       0.0000    0.0000
     28.00      1512.18      0.00     1.00       0.0000    0.0000
     29.00      1512.16      0.00     1.00       0.0000    0.0000
     30.00      1512.31      0.00     1.00       0.0000    0.0000
     31.00      1512.46      0.00     1.00       0.0000    0.0000
     32.00      1512.13      0.00     1.00       0.0000    0.0000
     33.00      1512.02      0.00     1.00       0.0000    0.0000
     34.00      1511.98      0.00     1.00       0.0000    0.0000
     35.00      1509.70      0.00     1.00       0.0000    0.0000
     36.00      1511.04      0.00     1.00       0.0000    0.0000
     37.00      1511.06      0.00     1.00       0.0000    0.0000
     38.00      1510.42      0.00     1.00       0.0000    0.0000
     39.00      1510.05      0.00     1.00       0.0000    0.0000
     40.00      1509.56      0.00     1.00       0.0000    0.0000
     41.00      1508.89      0.00     1.00       0.0000    0.0000
     42.00      1510.80      0.00     1.00       0.0000    0.0000
     44.00      1509.00      0.00     1.00       0.0000    0.0000
     45.00      1508.18      0.00     1.00       0.0000    0.0000
     46.00      1508.63      0.00     1.00       0.0000    0.0000
     47.00      1508.07      0.00     1.00       0.0000    0.0000
     48.00      1507.93      0.00     1.00       0.0000    0.0000
     49.00      1507.52      0.00     1.00       0.0000    0.0000
     50.00      1507.21      0.00     1.00       0.0000    0.0000
     51.00      1507.18      0.00     1.00       0.0000    0.0000
     52.00      1507.19      0.00     1.00       0.0000    0.0000
     53.00      1506.72      0.00     1.00       0.0000    0.0000
     54.00      1506.52      0.00     1.00       0.0000    0.0000
     55.00      1505.28      0.00     1.00       0.0000    0.0000
     56.00      1504.65      0.00     1.00       0.0000    0.0000
     57.00      1503.83      0.00     1.00       0.0000    0.0000
     58.00      1503.16      0.00     1.00       0.0000    0.0000
     59.00      1502.66      0.00     1.00       0.0000    0.0000
     60.00      1502.08      0.00     1.00       0.0000    0.0000
     61.00      1501.98      0.00     1.00       0.0000    0.0000
     62.00      1501.87      0.00     1.00       0.0000    0.0000
     63.00      1502.09      0.00     1.00       0.0000    0.0000
     64.00      1501.83      0.00     1.00       0.0000    0.0000
     65.00      1501.94      0.00     1.00       0.0000    0.0000
     66.00      1502.31      0.00     1.00       0.0000    0.0000
     67.00      1502.67      0.00     1.00       0.0000    0.0000
     68.00      1503.06      0.00     1.00       0.0000    0.0000
     69.00      1503.31      0.00     1.00       0.0000    0.0000
     70.00      1503.44      0.00     1.00       0.0000    0.0000
     71.00      1503.65      0.00     1.00       0.0000    0.0000
     72.00      1503.83      0.00     1.00       0.0000    0.0000
     73.00      1503.39      0.00     1.00       0.0000    0.0000
     74.00      1503.63      0.00     1.00       0.0000    0.0000
     75.00      1503.24      0.00     1.00       0.0000    0.0000
     76.00      1503.63      0.00     1.00       0.0000    0.0000
     77.00      1503.34      0.00     1.00       0.0000    0.0000
     78.00      1503.35      0.00     1.00       0.0000    0.0000
     79.00      1503.24      0.00     1.00       0.0000    0.0000
     80.00      1502.99      0.00     1.00       0.0000    0.0000
     81.00      1503.06      0.00     1.00       0.0000    0.0000
     82.00      1503.04      0.00     1.00       0.0000    0.0000
     83.00      1503.13      0.00     1.00       0.0000    0.0000
     84.00      1502.72      0.00     1.00       0.0000    0.0000
     85.00      1502.81      0.00     1.00       0.0000    0.0000
     86.00      1502.64      0.00     1.00       0.0000    0.0000
     87.00      1502.49      0.00     1.00       0.0000    0.0000
     88.00      1502.44      0.00     1.00       0.0000    0.0000
     89.00      1502.09      0.00     1.00       0.0000    0.0000
     90.00      1502.07      0.00     1.00       0.0000    0.0000
     91.00      1501.93      0.00     1.00       0.0000    0.0000
     92.00      1501.84      0.00     1.00       0.0000    0.0000
     93.00      1501.67      0.00     1.00       0.0000    0.0000
     94.00      1501.41      0.00     1.00       0.0000    0.0000
     95.00      1501.43      0.00     1.00       0.0000    0.0000
     96.00      1501.37      0.00     1.00       0.0000    0.0000
     97.00      1501.46      0.00     1.00       0.0000    0.0000
     98.00      1501.51      0.00     1.00       0.0000    0.0000
     99.00      1501.52      0.00     1.00       0.0000    0.0000
    100.00      1501.49      0.00     1.00       0.0000    0.0000
    101.00      1501.50      0.00     1.00       0.0000    0.0000
    102.00      1501.39      0.00     1.00       0.0000    0.0000
    103.00      1501.32      0.00     1.00       0.0000    0.0000
    104.00      1501.25      0.00     1.00       0.0000    0.0000
    105.00      1501.14      0.00     1.00       0.0000    0.0000
    106.00      1501.04      0.00     1.00       0.0000    0.0000
    107.00      1500.96      0.00     1.00       0.0000    0.0000
    108.00      1500.98      0.00     1.00       0.0000    0.0000
    109.00      1501.00      0.00     1.00       0.0000    0.0000
    110.00      1501.02      0.00     1.00       0.0000    0.0000
    111.00      1501.02      0.00     1.00       0.0000    0.0000
    112.00      1501.05      0.00     1.00       0.0000    0.0000
    113.00      1501.04      0.00     1.00       0.0000    0.0000
    114.00      1501.06      0.00     1.00       0.0000    0.0000
    115.00      1501.08      0.00     1.00       0.0000    0.0000
    116.00      1501.10      0.00     1.00       0.0000    0.0000
    117.00      1501.14      0.00     1.00       0.0000    0.0000
    118.00      1501.23      0.00     1.00       0.0000    0.0000
    119.00      1501.25      0.00     1.00       0.0000    0.0000
    120.00      1501.26      0.00     1.00       0.0000    0.0000
    121.00      1501.27      0.00     1.00       0.0000    0.0000
    122.00      1501.34      0.00     1.00       0.0000    0.0000
    123.00      1501.38      0.00     1.00       0.0000    0.0000
    124.00      1501.38      0.00     1.00       0.0000    0.0000
    125.00      1501.40      0.00     1.00       0.0000    0.0000
    126.00      1501.44      0.00     1.00       0.0000    0.0000
    127.00      1501.48      0.00     1.00       0.0000    0.0000
    128.00      1501.50      0.00     1.00       0.0000    0.0000
    129.00      1501.48      0.00     1.00       0.0000    0.0000
    130.00      1501.54      0.00     1.00       0.0000    0.0000
    131.00      1501.60      0.00     1.00       0.0000    0.0000
    132.00      1501.51      0.00     1.00       0.0000    0.0000
    133.00      1501.47      0.00     1.00       0.0000    0.0000
    134.00      1501.48      0.00     1.00       0.0000    0.0000
    135.00      1501.57      0.00     1.00       0.0000    0.0000
    136.00      1501.66      0.00     1.00       0.0000    0.0000
    137.00      1501.76      0.00     1.00       0.0000    0.0000
    138.00      1501.74      0.00     1.00       0.0000    0.0000
    139.00      1501.71      0.00     1.00       0.0000    0.0000
    140.00      1501.70      0.00     1.00       0.0000    0.0000
    141.00      1501.92      0.00     1.00       0.0000    0.0000
    142.00      1502.23      0.00     1.00       0.0000    0.0000
    143.00      1502.23      0.00     1.00       0.0000    0.0000
    144.00      1502.23      0.00     1.00       0.0000    0.0000
    145.00      1502.26      0.00     1.00       0.0000    0.0000
    146.00      1502.25      0.00     1.00       0.0000    0.0000
    147.00      1502.37      0.00     1.00       0.0000    0.0000
    148.00      1502.36      0.00     1.00       0.0000    0.0000
    149.00      1502.39      0.00     1.00       0.0000    0.0000
    150.00      1502.40      0.00     1.00       0.0000    0.0000
    151.00      1502.37      0.00     1.00       0.0000    0.0000
    152.00      1502.39      0.00     1.00       0.0000    0.0000
    153.00      1502.36      0.00     1.00       0.0000    0.0000
    154.00      1502.42      0.00     1.00       0.0000    0.0000
    155.00      1502.43      0.00     1.00       0.0000    0.0000
    156.00      1502.42      0.00     1.00       0.0000    0.0000
    157.00      1502.43      0.00     1.00       0.0000    0.0000
    158.00      1502.51      0.00     1.00       0.0000    0.0000
    159.00      1502.61      0.00     1.00       0.0000    0.0000
    160.00      1502.58      0.00     1.00       0.0000    0.0000
    161.00      1502.61      0.00     1.00       0.0000    0.0000
    162.00      1502.59      0.00     1.00       0.0000    0.0000
    163.00      1502.57      0.00     1.00       0.0000    0.0000
    164.00      1502.54      0.00     1.00       0.0000    0.0000
    165.00      1502.50      0.00     1.00       0.0000    0.0000
    166.00      1502.49      0.00     1.00       0.0000    0.0000
    167.00      1502.47      0.00     1.00       0.0000    0.0000
    168.00      1502.49      0.00     1.00       0.0000    0.0000
    169.00      1502.47      0.00     1.00       0.0000    0.0000
    170.00      1502.49      0.00     1.00       0.0000    0.0000
    171.00      1502.45      0.00     1.00       0.0000    0.0000
    172.00      1502.48      0.00     1.00       0.0000    0.0000
    173.00      1502.49      0.00     1.00       0.0000    0.0000
    174.00      1502.50      0.00     1.00       0.0000    0.0000
    175.00      1502.51      0.00     1.00       0.0000    0.0000
    176.00      1502.49      0.00     1.00       0.0000    0.0000
    177.00      1502.49      0.00     1.00       0.0000    0.0000
    178.00      1502.49      0.00     1.00       0.0000    0.0000
    179.00      1502.49      0.00     1.00       0.0000    0.0000
    180.00      1502.52      0.00     1.00       0.0000    0.0000
    181.00      1502.51      0.00     1.00       0.0000    0.0000
    182.00      1502.51      0.00     1.00       0.0000    0.0000
    183.00      1502.50      0.00     1.00       0.0000    0.0000
    184.00      1502.50      0.00     1.00       0.0000    0.0000
    185.00      1502.51      0.00     1.00       0.0000    0.0000
    186.00      1502.47      0.00     1.00       0.0000    0.0000
    187.00      1502.48      0.00     1.00       0.0000    0.0000
    188.00      1502.48      0.00     1.00       0.0000    0.0000
    189.00      1502.46      0.00     1.00       0.0000    0.0000
    190.00      1502.52      0.00     1.00       0.0000    0.0000
    191.00      1502.53      0.00     1.00       0.0000    0.0000
    192.00      1502.53      0.00     1.00       0.0000    0.0000
    193.00      1502.54      0.00     1.00       0.0000    0.0000
    194.00      1502.52      0.00     1.00       0.0000    0.0000
    195.00      1502.83      0.00     1.00       0.0000    0.0000
    196.00      1502.43      0.00     1.00       0.0000    0.0000
    197.00      1502.39      0.00     1.00       0.0000    0.0000
    198.00      1502.35      0.00     1.00       0.0000    0.0000
    199.00      1502.38      0.00     1.00       0.0000    0.0000
    200.00      1502.69      0.00     1.00       0.0000    0.0000
    201.00      1502.18      0.00     1.00       0.0000    0.0000
    202.00      1502.24      0.00     1.00       0.0000    0.0000
    203.00      1502.30      0.00     1.00       0.0000    0.0000
    204.00      1502.16      0.00     1.00       0.0000    0.0000
    205.00      1502.15      0.00     1.00       0.0000    0.0000
    206.00      1502.14      0.00     1.00       0.0000    0.0000
    207.00      1502.18      0.00     1.00       0.0000    0.0000
    208.00      1502.13      0.00     1.00       0.0000    0.0000
    209.00      1502.11      0.00     1.00       0.0000    0.0000
    210.00      1502.09      0.00     1.00       0.0000    0.0000
    211.00      1502.00      0.00     1.00       0.0000    0.0000
    212.00      1501.86      0.00     1.00       0.0000    0.0000
    213.00      1501.78      0.00     1.00       0.0000    0.0000
    214.00      1501.69      0.00     1.00       0.0000    0.0000
    215.00      1501.63      0.00     1.00       0.0000    0.0000
    216.00      1501.60      0.00     1.00       0.0000    0.0000
    217.00      1501.54      0.00     1.00       0.0000    0.0000
    218.00      1501.55      0.00     1.00       0.0000    0.0000
    219.00      1501.50      0.00     1.00       0.0000    0.0000
    220.00      1501.47      0.00     1.00       0.0000    0.0000
    221.00      1501.45      0.00     1.00       0.0000    0.0000
    222.00      1501.44      0.00     1.00       0.0000    0.0000
    223.00      1501.45      0.00     1.00       0.0000    0.0000
    224.00      1501.44      0.00     1.00       0.0000    0.0000
    225.00      1501.40      0.00     1.00       0.0000    0.0000
    226.00      1501.39      0.00     1.00       0.0000    0.0000
    227.00      1501.31      0.00     1.00       0.0000    0.0000
    228.00      1501.36      0.00     1.00       0.0000    0.0000
    229.00      1501.34      0.00     1.00       0.0000    0.0000
    230.00      1501.32      0.00     1.00       0.0000    0.0000
    231.00      1501.16      0.00     1.00       0.0000    0.0000
    232.00      1501.15      0.00     1.00       0.0000    0.0000
    233.00      1501.10      0.00     1.00       0.0000    0.0000
    234.00      1501.02      0.00     1.00       0.0000    0.0000
    235.00      1500.92      0.00     1.00       0.0000    0.0000
    236.00      1500.96      0.00     1.00       0.0000    0.0000
    237.00      1500.91      0.00     1.00       0.0000    0.0000
    238.00      1500.84      0.00     1.00       0.0000    0.0000
    239.00      1500.76      0.00     1.00       0.0000    0.0000
    240.00      1500.68      0.00     1.00       0.0000    0.0000
    241.00      1500.63      0.00     1.00       0.0000    0.0000
    242.00      1500.58      0.00     1.00       0.0000    0.0000
    243.00      1500.53      0.00     1.00       0.0000    0.0000
    244.00      1500.48      0.00     1.00       0.0000    0.0000
    245.00      1500.43      0.00     1.00       0.0000    0.0000
    246.00      1500.32      0.00     1.00       0.0000    0.0000
    247.00      1500.35      0.00     1.00       0.0000    0.0000
    248.00      1500.31      0.00     1.00       0.0000    0.0000
    249.00      1500.29      0.00     1.00       0.0000    0.0000
    250.00      1500.28      0.00     1.00       0.0000    0.0000
    251.00      1500.21      0.00     1.00       0.0000    0.0000
    252.00      1500.15      0.00     1.00       0.0000    0.0000
    253.00      1500.15      0.00     1.00       0.0000    0.0000
    254.00      1500.11      0.00     1.00       0.0000    0.0000
    255.00      1500.00      0.00     1.00       0.0000    0.0000
    256.00      1499.85      0.00     1.00       0.0000    0.0000
    257.00      1499.74      0.00     1.00       0.0000    0.0000
    258.00      1499.67      0.00     1.00       0.0000    0.0000
    259.00      1499.58      0.00     1.00       0.0000    0.0000
    260.00      1499.52      0.00     1.00       0.0000    0.0000
    261.00      1499.47      0.00     1.00       0.0000    0.0000
    262.00      1499.43      0.00     1.00       0.0000    0.0000
    263.00      1499.40      0.00     1.00       0.0000    0.0000
    264.00      1499.33      0.00     1.00       0.0000    0.0000
    265.00      1499.27      0.00     1.00       0.0000    0.0000
    266.00      1499.20      0.00     1.00       0.0000    0.0000
    267.00      1499.10      0.00     1.00       0.0000    0.0000
    268.00      1498.97      0.00     1.00       0.0000    0.0000
    269.00      1498.85      0.00     1.00       0.0000    0.0000
    270.00      1498.78      0.00     1.00       0.0000    0.0000
    271.00      1498.65      0.00     1.00       0.0000    0.0000
    272.00      1498.49      0.00     1.00       0.0000    0.0000
    273.00      1498.42      0.00     1.00       0.0000    0.0000
    274.00      1498.29      0.00     1.00       0.0000    0.0000
    275.00      1498.12      0.00     1.00       0.0000    0.0000
    276.00      1497.96      0.00     1.00       0.0000    0.0000
    277.00      1497.82      0.00     1.00       0.0000    0.0000
    278.00      1497.74      0.00     1.00       0.0000    0.0000
    279.00      1497.60      0.00     1.00       0.0000    0.0000
    280.00      1497.48      0.00     1.00       0.0000    0.0000
    281.00      1497.33      0.00     1.00       0.0000    0.0000
    282.00      1497.16      0.00     1.00       0.0000    0.0000
    283.00      1497.05      0.00     1.00       0.0000    0.0000
    284.00      1497.00      0.00     1.00       0.0000    0.0000
    285.00      1496.86      0.00     1.00       0.0000    0.0000
    286.00      1496.75      0.00     1.00       0.0000    0.0000
    287.00      1496.68      0.00     1.00       0.0000    0.0000
    288.00      1496.54      0.00     1.00       0.0000    0.0000
    289.00      1496.44      0.00     1.00       0.0000    0.0000
    290.00      1496.35      0.00     1.00       0.0000    0.0000
    291.00      1496.26      0.00     1.00       0.0000    0.0000
    292.00      1496.07      0.00     1.00       0.0000    0.0000
    293.00      1495.96      0.00     1.00       0.0000    0.0000
    294.00      1495.81      0.00     1.00       0.0000    0.0000
    295.00      1495.61      0.00     1.00       0.0000    0.0000
    296.00      1495.51      0.00     1.00       0.0000    0.0000
    297.00      1495.41      0.00     1.00       0.0000    0.0000
    298.00      1495.27      0.00     1.00       0.0000    0.0000
    299.00      1495.08      0.00     1.00       0.0000    0.0000
    300.00      1494.86      0.00     1.00       0.0000    0.0000
    301.00      1494.70      0.00     1.00       0.0000    0.0000
    302.00      1494.58      0.00     1.00       0.0000    0.0000
    303.00      1494.50      0.00     1.00       0.0000    0.0000
    304.00      1494.38      0.00     1.00       0.0000    0.0000
    305.00      1494.15      0.00     1.00       0.0000    0.0000
    306.00      1494.05      0.00     1.00       0.0000    0.0000
    307.00      1493.93      0.00     1.00       0.0000    0.0000
    308.00      1493.85      0.00     1.00       0.0000    0.0000
    309.00      1493.78      0.00     1.00       0.0000    0.0000
    310.00      1493.74      0.00     1.00       0.0000    0.0000
    311.00      1493.62      0.00     1.00       0.0000    0.0000
    312.00      1493.47      0.00     1.00       0.0000    0.0000
    313.00      1493.32      0.00     1.00       0.0000    0.0000
    314.00      1493.28      0.00     1.00       0.0000    0.0000
    315.00      1493.23      0.00     1.00       0.0000    0.0000
    316.00      1493.11      0.00     1.00       0.0000    0.0000
    317.00      1492.88      0.00     1.00       0.0000    0.0000
    318.00      1492.78      0.00     1.00       0.0000    0.0000
    319.00      1492.72      0.00     1.00       0.0000    0.0000
    320.00      1492.54      0.00     1.00       0.0000    0.0000
    321.00      1492.50      0.00     1.00       0.0000    0.0000
    322.00      1492.35      0.00     1.00       0.0000    0.0000
    323.00      1492.27      0.00     1.00       0.0000    0.0000
    324.00      1492.15      0.00     1.00       0.0000    0.0000
    325.00      1492.04      0.00     1.00       0.0000    0.0000
    326.00      1492.07      0.00     1.00       0.0000    0.0000
    327.00      1491.91      0.00     1.00       0.0000    0.0000
    328.00      1491.73      0.00     1.00       0.0000    0.0000
    329.00      1491.78      0.00     1.00       0.0000    0.0000
    330.00      1491.53      0.00     1.00       0.0000    0.0000
    331.00      1491.33      0.00     1.00       0.0000    0.0000
    332.00      1491.33      0.00     1.00       0.0000    0.0000
    333.00      1491.22      0.00     1.00       0.0000    0.0000
    334.00      1491.06      0.00     1.00       0.0000    0.0000
    335.00      1490.97      0.00     1.00       0.0000    0.0000
    336.00      1491.03      0.00     1.00       0.0000    0.0000
    337.00      1490.82      0.00     1.00       0.0000    0.0000
    338.00      1490.83      0.00     1.00       0.0000    0.0000
    339.00      1490.48      0.00     1.00       0.0000    0.0000
    340.00      1490.34      0.00     1.00       0.0000    0.0000
    341.00      1490.13      0.00     1.00       0.0000    0.0000
    342.00      1490.15      0.00     1.00       0.0000    0.0000
    343.00      1490.07      0.00     1.00       0.0000    0.0000
    344.00      1490.13      0.00     1.00       0.0000    0.0000
    345.00      1490.13      0.00     1.00       0.0000    0.0000
    346.00      1489.96      0.00     1.00       0.0000    0.0000
    347.00      1489.98      0.00     1.00       0.0000    0.0000
    348.00      1489.98      0.00     1.00       0.0000    0.0000
    349.00      1489.87      0.00     1.00       0.0000    0.0000
    350.00      1489.91      0.00     1.00       0.0000    0.0000
    351.00      1489.87      0.00     1.00       0.0000    0.0000
    352.00      1489.87      0.00     1.00       0.0000    0.0000
    353.00      1489.79      0.00     1.00       0.0000    0.0000
    354.00      1489.68      0.00     1.00       0.0000    0.0000
    355.00      1489.60      0.00     1.00       0.0000    0.0000
    356.00      1489.51      0.00     1.00       0.0000    0.0000
    357.00      1489.48      0.00     1.00       0.0000    0.0000
    358.00      1489.38      0.00     1.00       0.0000    0.0000
    359.00      1489.31      0.00     1.00       0.0000    0.0000
    360.00      1489.29      0.00     1.00       0.0000    0.0000
    361.00      1489.24      0.00     1.00       0.0000    0.0000
    362.00      1489.17      0.00     1.00       0.0000    0.0000
    363.00      1489.05      0.00     1.00       0.0000    0.0000
    364.00      1489.07      0.00     1.00       0.0000    0.0000
    365.00      1489.07      0.00     1.00       0.0000    0.0000
    366.00      1488.97      0.00     1.00       0.0000    0.0000
    367.00      1488.73      0.00     1.00       0.0000    0.0000
    368.00      1488.78      0.00     1.00       0.0000    0.0000
    369.00      1488.76      0.00     1.00       0.0000    0.0000
    370.00      1488.66      0.00     1.00       0.0000    0.0000
    371.00      1488.69      0.00     1.00       0.0000    0.0000
    372.00      1488.60      0.00     1.00       0.0000    0.0000
    373.00      1488.60      0.00     1.00       0.0000    0.0000
    374.00      1488.49      0.00     1.00       0.0000    0.0000
    375.00      1488.44      0.00     1.00       0.0000    0.0000
    376.00      1488.58      0.00     1.00       0.0000    0.0000
    377.00      1488.37      0.00     1.00       0.0000    0.0000
    378.00      1488.35      0.00     1.00       0.0000    0.0000
    379.00      1488.32      0.00     1.00       0.0000    0.0000
    380.00      1488.32      0.00     1.00       0.0000    0.0000
    381.00      1488.16      0.00     1.00       0.0000    0.0000
    382.00      1488.27      0.00     1.00       0.0000    0.0000
    383.00      1488.27      0.00     1.00       0.0000    0.0000
    384.00      1488.35      0.00     1.00       0.0000    0.0000
    385.00      1488.29      0.00     1.00       0.0000    0.0000
    386.00      1488.24      0.00     1.00       0.0000    0.0000
    387.00      1488.18      0.00     1.00       0.0000    0.0000
    388.00      1488.22      0.00     1.00       0.0000    0.0000
    389.00      1488.19      0.00     1.00       0.0000    0.0000
    390.00      1488.15      0.00     1.00       0.0000    0.0000
    391.00      1488.12      0.00     1.00       0.0000    0.0000
    392.00      1488.10      0.00     1.00       0.0000    0.0000
    393.00      1487.95      0.00     1.00       0.0000    0.0000
    394.00      1487.99      0.00     1.00       0.0000    0.0000
    395.00      1487.86      0.00     1.00       0.0000    0.0000
    396.00      1487.91      0.00     1.00       0.0000    0.0000
    397.00      1487.84      0.00     1.00       0.0000    0.0000
    398.00      1487.92      0.00     1.00       0.0000    0.0000
    399.00      1487.80      0.00     1.00       0.0000    0.0000
    400.00      1487.72      0.00     1.00       0.0000    0.0000
    401.00      1487.66      0.00     1.00       0.0000    0.0000
    402.00      1487.58      0.00     1.00       0.0000    0.0000
    403.00      1487.76      0.00     1.00       0.0000    0.0000
    404.00      1487.62      0.00     1.00       0.0000    0.0000
    405.00      1487.57      0.00     1.00       0.0000    0.0000
    406.00      1487.56      0.00     1.00       0.0000    0.0000
    407.00      1487.37      0.00     1.00       0.0000    0.0000
    408.00      1487.50      0.00     1.00       0.0000    0.0000
    409.00      1487.27      0.00     1.00       0.0000    0.0000
    410.00      1487.28      0.00     1.00       0.0000    0.0000
    411.00      1487.20      0.00     1.00       0.0000    0.0000
    412.00      1487.46      0.00     1.00       0.0000    0.0000
    413.00      1487.23      0.00     1.00       0.0000    0.0000
    414.00      1487.19      0.00     1.00       0.0000    0.0000
    415.00      1487.05      0.00     1.00       0.0000    0.0000
    416.00      1486.93      0.00     1.00       0.0000    0.0000
    417.00      1487.01      0.00     1.00       0.0000    0.0000
    418.00      1486.72      0.00     1.00       0.0000    0.0000
    419.00      1487.07      0.00     1.00       0.0000    0.0000

                                 ( RMS roughness =   0.00     )
     ACOUSTO-ELASTIC half-space
    419.00      1800.00      0.00     2.00       0.0000    0.0000

 __________________________________________________________________________

 Number of Source   depths, Sz =            1
 Source   depths, Sz (m)
   100.000    


 __________________________________________________________________________

 Number of Receiver depths, Rz =          101
 Receiver depths, Rz (m)
   0.00000       50.0000       100.000       150.000       200.000    
   250.000       300.000       350.000       400.000       450.000    
          ... 
   5000.00    

 Warning in ReadSzRz : Receiver above or too near the top bdry has been moved down
 Warning in ReadSzRz : Receiver below or too near the bottom bdry has been moved up

 __________________________________________________________________________

 Number of Receiver ranges, Rr =         1001
 Receiver ranges, Rr (km)
   0.00000      0.250000E-01  0.500000E-01  0.750000E-01  0.100000    
  0.125000      0.150000      0.175000      0.200000      0.225000    
          ... 
   25.0000    


 Ray trace run
 Geometric hat beams in Cartesian coordinates
 Point source (cylindrical coordinates)
 Rectilinear receiver grid: Receivers at Rr( : ) x Rz( : )
 __________________________________________________________________________

 Number of beams in elevation   =           12
 Beam take-off angles (degrees)
  -10.0000      -8.18182      -6.36364      -4.54545      -2.72727    
 -0.909091      0.909091       2.72727       4.54545       6.36364    
          ... 
   10.0000    

 __________________________________________________________________________


 Step length,       deltas =   0.000     m

 Maximum ray depth, Box%z  =   500.0     m
 Maximum ray range, Box%r  =   24.90    km
 No beam shift in effect


 Step length,       deltas =   39.20     m (automatically selected)

Tracing beam       1    -10.00
Tracing beam       2     -8.18
Tracing beam       3     -6.36
Tracing beam       4     -4.55
Tracing beam       5     -2.73
Tracing beam       6     -0.91
Tracing beam       7      0.91
Tracing beam       8      2.73
Tracing beam       9      4.55
Tracing beam      10      6.36
Tracing beam      11      8.18
Tracing beam      12     10.00

 CPU Time =       0.459    s
